0 info it worked if it ends with ok
1 verbose cli [ 'C:\\Program Files\\nodejs\\node.exe',
1 verbose cli   'C:\\Users\\RJ-CS\\AppData\\Roaming\\npm\\node_modules\\npm\\bin\\npm-cli.js',
1 verbose cli   'start' ]
2 info using npm@4.0.1
3 info using node@v8.11.2
4 verbose config Skipping project config: C:\Users\RJ-CS/.npmrc. (matches userconfig)
5 verbose stack Error: ENOENT: no such file or directory, open 'C:\Users\RJ-CS\package.json'
6 verbose cwd C:\Users\RJ-CS\Desktop\react
7 error Windows_NT 10.0.16299
8 error argv "C:\\Program Files\\nodejs\\node.exe" "C:\\Users\\RJ-CS\\AppData\\Roaming\\npm\\node_modules\\npm\\bin\\npm-cli.js" "start"
9 error node v8.11.2
10 error npm  v4.0.1
11 error path C:\Users\RJ-CS\package.json
12 error code ENOENT
13 error errno -4058
14 error syscall open
15 error enoent ENOENT: no such file or directory, open 'C:\Users\RJ-CS\package.json'
16 error enoent ENOENT: no such file or directory, open 'C:\Users\RJ-CS\package.json'
16 error enoent This is most likely not a problem with npm itself
16 error enoent and is related to npm not being able to find a file.
17 verbose exit [ -4058, true ]
